[debug] [2023-07-20T13:05:03.190Z] ----------------------------------------------------------------------
[debug] [2023-07-20T13:05:03.192Z] Command:       C:\Program Files\nodejs\node.exe C:\Users\zhang\AppData\Roaming\npm\node_modules\firebase-tools\lib\bin\firebase.js init
[debug] [2023-07-20T13:05:03.192Z] CLI Version:   12.4.5
[debug] [2023-07-20T13:05:03.193Z] Platform:      win32
[debug] [2023-07-20T13:05:03.193Z] Node Version:  v18.16.0
[debug] [2023-07-20T13:05:03.194Z] Time:          Thu Jul 20 2023 15:05:03 GMT+0200 (Central European Summer Time)
[debug] [2023-07-20T13:05:03.194Z] ----------------------------------------------------------------------
[debug] 
[debug] [2023-07-20T13:05:03.200Z] > command requires scopes: ["email","openid","https://www.googleapis.com/auth/cloudplatformprojects.readonly","https://www.googleapis.com/auth/firebase","https://www.googleapis.com/auth/cloud-platform"]
[debug] [2023-07-20T13:05:03.201Z] > authorizing via signed-in user (jatadevit@gmail.com)
[info] 
     ######## #### ########  ######## ########     ###     ######  ########
     ##        ##  ##     ## ##       ##     ##  ##   ##  ##       ##
     ######    ##  ########  ######   ########  #########  ######  ######
     ##        ##  ##    ##  ##       ##     ## ##     ##       ## ##
     ##       #### ##     ## ######## ########  ##     ##  ######  ########

You're about to initialize a Firebase project in this directory:

  C:\Users\zhang\Documents\Github\jata-website

[info] 
=== Project Setup
[info] 
[info] First, let's associate this project directory with a Firebase project.
[info] You can create multiple project aliases by running firebase use --add, 
[info] but for now we'll just set up a default project.
[info] 
[debug] [2023-07-20T13:06:20.908Z] >>> [apiv2][query] GET https://firebase.googleapis.com/v1beta1/projects pageSize=100
[debug] [2023-07-20T13:06:21.548Z] <<< [apiv2][status] GET https://firebase.googleapis.com/v1beta1/projects 200
[debug] [2023-07-20T13:06:21.548Z] <<< [apiv2][body] GET https://firebase.googleapis.com/v1beta1/projects [omitted]
[info] i  Using project jata-website (jata-website) 
[info] 
=== Hosting Setup
[info] 
[info] Your public directory is the folder (relative to your project directory) that
[info] will contain Hosting assets to be uploaded with firebase deploy. If you
[info] have a build process for your assets, use your build's output directory.
[info] 
